<?xml version="1.0" encoding="UTF-8"?>
<testng-results ignored="0" total="1" passed="1" failed="0" skipped="0">
  <reporter-output>
  </reporter-output>
  <suite started-at="2020-12-22T17:53:35Z" name="test" finished-at="2020-12-22T17:54:13Z" duration-ms="38362">
    <groups>
    </groups>
    <test started-at="2020-12-22T17:53:35Z" name="GoogleObjectModelTest" finished-at="2020-12-22T17:54:13Z" duration-ms="38362">
      <class name="pageGoogleObjectModel.test.GoogleCloudTest">
        <test-method is-config="true" signature="beforeAllCalculatorTests()[pri:0, instance:pageGoogleObjectModel.test.GoogleCloudTest@60861e5d]" started-at="2020-12-22T17:53:35Z" name="beforeAllCalculatorTests" finished-at="2020-12-22T17:53:40Z" duration-ms="4692" status="PASS">
          <reporter-output>
          </reporter-output>
        </test-method> <!-- beforeAllCalculatorTests -->
        <test-method signature="sendEmailTest()[pri:0, instance:pageGoogleObjectModel.test.GoogleCloudTest@60861e5d]" started-at="2020-12-22T17:53:40Z" name="sendEmailTest" finished-at="2020-12-22T17:54:12Z" duration-ms="32466" status="PASS">
          <reporter-output>
          </reporter-output>
        </test-method> <!-- sendEmailTest -->
        <test-method is-config="true" signature="closeBrowser()[pri:0, instance:pageGoogleObjectModel.test.GoogleCloudTest@60861e5d]" started-at="2020-12-22T17:54:12Z" name="closeBrowser" finished-at="2020-12-22T17:54:13Z" duration-ms="1202" status="PASS">
          <reporter-output>
          </reporter-output>
        </test-method> <!-- closeBrowser -->
      </class> <!-- pageGoogleObjectModel.test.GoogleCloudTest -->
    </test> <!-- GoogleObjectModelTest -->
  </suite> <!-- test -->
</testng-results>
