<?xml version="1.0" encoding="UTF-8"?>
<testng-results ignored="0" total="1" passed="1" failed="0" skipped="0">
  <reporter-output>
  </reporter-output>
  <suite started-at="2020-12-23T09:01:54Z" name="test" finished-at="2020-12-23T09:02:41Z" duration-ms="46265">
    <groups>
    </groups>
    <test started-at="2020-12-23T09:01:54Z" name="GoogleObjectModelTest" finished-at="2020-12-23T09:02:41Z" duration-ms="46265">
      <class name="pageGoogleObjectModel.test.GoogleCloudTest">
        <test-method is-config="true" signature="beforeAllCalculatorTests()[pri:0, instance:pageGoogleObjectModel.test.GoogleCloudTest@5151accb]" started-at="2020-12-23T09:01:54Z" name="beforeAllCalculatorTests" finished-at="2020-12-23T09:02:00Z" duration-ms="5221" status="PASS">
          <reporter-output>
          </reporter-output>
        </test-method> <!-- beforeAllCalculatorTests -->
        <test-method signature="sendEmailTest()[pri:0, instance:pageGoogleObjectModel.test.GoogleCloudTest@5151accb]" started-at="2020-12-23T09:02:00Z" name="sendEmailTest" finished-at="2020-12-23T09:02:39Z" duration-ms="39069" status="PASS">
          <reporter-output>
          </reporter-output>
        </test-method> <!-- sendEmailTest -->
        <test-method is-config="true" signature="closeBrowser()[pri:0, instance:pageGoogleObjectModel.test.GoogleCloudTest@5151accb]" started-at="2020-12-23T09:02:39Z" name="closeBrowser" finished-at="2020-12-23T09:02:41Z" duration-ms="1954" status="PASS">
          <reporter-output>
          </reporter-output>
        </test-method> <!-- closeBrowser -->
      </class> <!-- pageGoogleObjectModel.test.GoogleCloudTest -->
    </test> <!-- GoogleObjectModelTest -->
  </suite> <!-- test -->
</testng-results>
